2022-01-14 09:22:16,160:INFO:src.ETL:upload_raw_data_to_azure:Table was already created!
2022-01-14 09:22:35,995:INFO:src.ETL:upload_raw_data_to_azure:yellow_tripdata_2021-01.csv was succesfully moved to raw-yellow-taxi-data
2022-01-14 09:22:49,201:INFO:src.ETL:upload_raw_data_to_azure:yellow_tripdata_2021-02.csv was succesfully moved to raw-yellow-taxi-data
2022-01-14 09:23:11,020:INFO:src.ETL:upload_raw_data_to_azure:yellow_tripdata_2021-03.csv was succesfully moved to raw-yellow-taxi-data
2022-01-14 09:23:34,173:INFO:src.ETL:upload_raw_data_to_azure:yellow_tripdata_2021-04.csv was succesfully moved to raw-yellow-taxi-data
2022-01-14 09:23:57,687:INFO:src.ETL:upload_raw_data_to_azure:yellow_tripdata_2021-05.csv was succesfully moved to raw-yellow-taxi-data
2022-01-14 09:24:27,230:INFO:src.ETL:upload_raw_data_to_azure:yellow_tripdata_2021-06.csv was succesfully moved to raw-yellow-taxi-data
2022-01-14 09:24:57,472:INFO:src.ETL:upload_raw_data_to_azure:yellow_tripdata_2021-07.csv was succesfully moved to raw-yellow-taxi-data
2022-01-14 09:24:59,456:INFO:src.ETL:upload_raw_data_to_azure:Raw data was successfully transfered and deleted from data/raw folder.
2022-01-14 09:28:57,061:INFO:src.ETL:extract_raw_taxi_data_from_azure:blob was successfuly extracted
2022-01-14 09:28:57,067:INFO:src.ETL:extract_raw_taxi_data_from_azure:ALL files were SUCCESSFULLY moved from blob storage -> machine
2022-01-14 09:33:41,242:INFO:src.ETL:transform_raw_data:All files were successfuly transformed and extracted raw data removed.
2022-01-14 09:33:42,203:INFO:src.ETL:upload_transformed_data_to_azure:container already exists, container client received
2022-01-14 09:33:46,579:INFO:src.ETL:upload_transformed_data_to_azure:clean_yellow_trip_data_2021-01.csv was succesfully inserted to transformed-yellow-taxi-data
2022-01-14 09:33:49,918:INFO:src.ETL:upload_transformed_data_to_azure:clean_yellow_trip_data_2021-02.csv was succesfully inserted to transformed-yellow-taxi-data
2022-01-14 09:34:00,033:INFO:src.ETL:upload_transformed_data_to_azure:clean_yellow_trip_data_2021-03.csv was succesfully inserted to transformed-yellow-taxi-data
2022-01-14 09:34:12,073:INFO:src.ETL:upload_transformed_data_to_azure:clean_yellow_trip_data_2021-04.csv was succesfully inserted to transformed-yellow-taxi-data
2022-01-14 09:34:22,512:INFO:src.ETL:upload_transformed_data_to_azure:clean_yellow_trip_data_2021-05.csv was succesfully inserted to transformed-yellow-taxi-data
2022-01-14 09:34:37,082:INFO:src.ETL:upload_transformed_data_to_azure:clean_yellow_trip_data_2021-06.csv was succesfully inserted to transformed-yellow-taxi-data
2022-01-14 09:34:55,630:INFO:src.ETL:upload_transformed_data_to_azure:clean_yellow_trip_data_2021-07.csv was succesfully inserted to transformed-yellow-taxi-data
2022-01-14 09:34:58,185:INFO:src.ETL:upload_transformed_data_to_azure:ALL files were SUCCESSFULLY moved to transformed azure blob storage and removed from transformed_data folder.
2022-01-14 09:35:07,849:INFO:src.ETL:extract_transformed_taxi_data_from_azure:blob exctarcted clean_yellow_trip_data_2021-01.csv
2022-01-14 09:35:17,443:INFO:src.ETL:extract_transformed_taxi_data_from_azure:blob exctarcted clean_yellow_trip_data_2021-02.csv
2022-01-14 09:35:43,232:INFO:src.ETL:extract_transformed_taxi_data_from_azure:blob exctarcted clean_yellow_trip_data_2021-03.csv
2022-01-14 09:35:57,531:INFO:src.ETL:extract_transformed_taxi_data_from_azure:blob exctarcted clean_yellow_trip_data_2021-04.csv
2022-01-14 09:36:15,157:INFO:src.ETL:extract_transformed_taxi_data_from_azure:blob exctarcted clean_yellow_trip_data_2021-05.csv
2022-01-14 09:36:34,775:INFO:src.ETL:extract_transformed_taxi_data_from_azure:blob exctarcted clean_yellow_trip_data_2021-06.csv
2022-01-14 09:36:53,332:INFO:src.ETL:extract_transformed_taxi_data_from_azure:blob exctarcted clean_yellow_trip_data_2021-07.csv
2022-01-14 09:36:53,334:INFO:src.ETL:extract_transformed_taxi_data_from_azure:ALL transformed taxi data files were SUCCESSFULLY moved from azure
